<?xml version="1.0" encoding="UTF-8"?>
<testng-results skipped="0" failed="0" total="11" passed="11">
  <reporter-output>
  </reporter-output>
  <suite name="Suite" duration-ms="27452" started-at="2017-04-20T16:51:52Z" finished-at="2017-04-20T16:52:20Z">
    <groups>
    </groups>
    <test name="POC Test Execution 1" duration-ms="27452" started-at="2017-04-20T16:51:52Z" finished-at="2017-04-20T16:52:20Z">
      <class name="com.factory.tests.Test_Cases">
        <test-method status="PASS" signature="start_report()[pri:0, instance:com.factory.tests.Test_Cases@282ba1e]" name="start_report" is-config="true" duration-ms="375" started-at="2017-04-20T22:21:52Z" finished-at="2017-04-20T22:21:52Z">
          <reporter-output>
          </reporter-output>
        </test-method> <!-- start_report -->
        <test-method status="PASS" signature="initialize(java.lang.String, int, java.lang.String, java.lang.String, java.lang.String, java.lang.String)[pri:0, instance:com.factory.tests.Test_Cases@282ba1e]" name="initialize" is-config="true" duration-ms="12772" started-at="2017-04-20T22:21:52Z" finished-at="2017-04-20T22:22:05Z">
          <params>
            <param index="0">
              <value>
                <![CDATA[firefox]]>
              </value>
            </param>
            <param index="1">
              <value>
                <![CDATA[40]]>
              </value>
            </param>
            <param index="2">
              <value>
                <![CDATA[stage]]>
              </value>
            </param>
            <param index="3">
              <value>
                <![CDATA[https://intuitb2b--cicddev2.cs54.my.salesforce.com]]>
              </value>
            </param>
            <param index="4">
              <value>
                <![CDATA[fayazfarooq_shaik@persistent.com.b2b.cicddev2]]>
              </value>
            </param>
            <param index="5">
              <value>
                <![CDATA[Fayaz@1232M8myfY7W97dd4yGCrL4Ax76W]]>
              </value>
            </param>
          </params>
          <reporter-output>
          </reporter-output>
        </test-method> <!-- initialize -->
        <test-method status="PASS" signature="Execute_Configuration(java.lang.String, java.lang.String)[pri:0, instance:com.factory.tests.Test_Cases@282ba1e]" name="Execute_Configuration" duration-ms="9005" started-at="2017-04-20T22:22:06Z" data-provider="data" finished-at="2017-04-20T22:22:15Z">
          <params>
            <param index="0">
              <value>
                <![CDATA[Login]]>
              </value>
            </param>
            <param index="1">
              <value>
                <![CDATA[Yes]]>
              </value>
            </param>
          </params>
          <reporter-output>
          </reporter-output>
        </test-method> <!-- Execute_Configuration -->
        <test-method status="PASS" signature="log_fail(org.testng.ITestResult)[pri:0, instance:com.factory.tests.Test_Cases@282ba1e]" name="log_fail" is-config="true" duration-ms="1" started-at="2017-04-20T22:22:15Z" finished-at="2017-04-20T22:22:15Z">
          <params>
            <param index="0">
              <value>
                <![CDATA[[TestResult name=Execute_Configuration status=SUCCESS method=Test_Cases.Execute_Configuration(java.lang.String, java.lang.String)[pri:0, instance:com.factory.tests.Test_Cases@282ba1e] output={null}]]]>
              </value>
            </param>
          </params>
          <reporter-output>
          </reporter-output>
        </test-method> <!-- log_fail -->
        <test-method status="PASS" signature="Execute_Configuration(java.lang.String, java.lang.String)[pri:0, instance:com.factory.tests.Test_Cases@282ba1e]" name="Execute_Configuration" duration-ms="0" started-at="2017-04-20T22:22:15Z" data-provider="data" finished-at="2017-04-20T22:22:15Z">
          <params>
            <param index="0">
              <value>
                <![CDATA[Skuid]]>
              </value>
            </param>
            <param index="1">
              <value>
                <![CDATA[No]]>
              </value>
            </param>
          </params>
          <reporter-output>
          </reporter-output>
        </test-method> <!-- Execute_Configuration -->
        <test-method status="PASS" signature="log_fail(org.testng.ITestResult)[pri:0, instance:com.factory.tests.Test_Cases@282ba1e]" name="log_fail" is-config="true" duration-ms="1" started-at="2017-04-20T22:22:15Z" finished-at="2017-04-20T22:22:15Z">
          <params>
            <param index="0">
              <value>
                <![CDATA[[TestResult name=Execute_Configuration status=SUCCESS method=Test_Cases.Execute_Configuration(java.lang.String, java.lang.String)[pri:0, instance:com.factory.tests.Test_Cases@282ba1e] output={null}]]]>
              </value>
            </param>
          </params>
          <reporter-output>
          </reporter-output>
        </test-method> <!-- log_fail -->
        <test-method status="PASS" signature="log_fail(org.testng.ITestResult)[pri:0, instance:com.factory.tests.Test_Cases@282ba1e]" name="log_fail" is-config="true" duration-ms="0" started-at="2017-04-20T22:22:15Z" finished-at="2017-04-20T22:22:15Z">
          <params>
            <param index="0">
              <value>
                <![CDATA[[TestResult name=Execute_Configuration status=SUCCESS method=Test_Cases.Execute_Configuration(java.lang.String, java.lang.String)[pri:0, instance:com.factory.tests.Test_Cases@282ba1e] output={null}]]]>
              </value>
            </param>
          </params>
          <reporter-output>
          </reporter-output>
        </test-method> <!-- log_fail -->
        <test-method status="PASS" signature="Execute_Configuration(java.lang.String, java.lang.String)[pri:0, instance:com.factory.tests.Test_Cases@282ba1e]" name="Execute_Configuration" duration-ms="0" started-at="2017-04-20T22:22:15Z" data-provider="data" finished-at="2017-04-20T22:22:15Z">
          <params>
            <param index="0">
              <value>
                <![CDATA[Support_Settings]]>
              </value>
            </param>
            <param index="1">
              <value>
                <![CDATA[No]]>
              </value>
            </param>
          </params>
          <reporter-output>
          </reporter-output>
        </test-method> <!-- Execute_Configuration -->
        <test-method status="PASS" signature="log_fail(org.testng.ITestResult)[pri:0, instance:com.factory.tests.Test_Cases@282ba1e]" name="log_fail" is-config="true" duration-ms="0" started-at="2017-04-20T22:22:15Z" finished-at="2017-04-20T22:22:15Z">
          <params>
            <param index="0">
              <value>
                <![CDATA[[TestResult name=Execute_Configuration status=SUCCESS method=Test_Cases.Execute_Configuration(java.lang.String, java.lang.String)[pri:0, instance:com.factory.tests.Test_Cases@282ba1e] output={null}]]]>
              </value>
            </param>
          </params>
          <reporter-output>
          </reporter-output>
        </test-method> <!-- log_fail -->
        <test-method status="PASS" signature="Execute_Configuration(java.lang.String, java.lang.String)[pri:0, instance:com.factory.tests.Test_Cases@282ba1e]" name="Execute_Configuration" duration-ms="0" started-at="2017-04-20T22:22:15Z" data-provider="data" finished-at="2017-04-20T22:22:15Z">
          <params>
            <param index="0">
              <value>
                <![CDATA[Author_Apex]]>
              </value>
            </param>
            <param index="1">
              <value>
                <![CDATA[No]]>
              </value>
            </param>
          </params>
          <reporter-output>
          </reporter-output>
        </test-method> <!-- Execute_Configuration -->
        <test-method status="PASS" signature="log_fail(org.testng.ITestResult)[pri:0, instance:com.factory.tests.Test_Cases@282ba1e]" name="log_fail" is-config="true" duration-ms="0" started-at="2017-04-20T22:22:15Z" finished-at="2017-04-20T22:22:15Z">
          <params>
            <param index="0">
              <value>
                <![CDATA[[TestResult name=Execute_Configuration status=SUCCESS method=Test_Cases.Execute_Configuration(java.lang.String, java.lang.String)[pri:0, instance:com.factory.tests.Test_Cases@282ba1e] output={null}]]]>
              </value>
            </param>
          </params>
          <reporter-output>
          </reporter-output>
        </test-method> <!-- log_fail -->
        <test-method status="PASS" signature="Execute_Configuration(java.lang.String, java.lang.String)[pri:0, instance:com.factory.tests.Test_Cases@282ba1e]" name="Execute_Configuration" duration-ms="0" started-at="2017-04-20T22:22:15Z" data-provider="data" finished-at="2017-04-20T22:22:15Z">
          <params>
            <param index="0">
              <value>
                <![CDATA[Flows]]>
              </value>
            </param>
            <param index="1">
              <value>
                <![CDATA[No]]>
              </value>
            </param>
          </params>
          <reporter-output>
          </reporter-output>
        </test-method> <!-- Execute_Configuration -->
        <test-method status="PASS" signature="Execute_Configuration(java.lang.String, java.lang.String)[pri:0, instance:com.factory.tests.Test_Cases@282ba1e]" name="Execute_Configuration" duration-ms="1" started-at="2017-04-20T22:22:15Z" data-provider="data" finished-at="2017-04-20T22:22:15Z">
          <params>
            <param index="0">
              <value>
                <![CDATA[Apps]]>
              </value>
            </param>
            <param index="1">
              <value>
                <![CDATA[No]]>
              </value>
            </param>
          </params>
          <reporter-output>
          </reporter-output>
        </test-method> <!-- Execute_Configuration -->
        <test-method status="PASS" signature="log_fail(org.testng.ITestResult)[pri:0, instance:com.factory.tests.Test_Cases@282ba1e]" name="log_fail" is-config="true" duration-ms="0" started-at="2017-04-20T22:22:15Z" finished-at="2017-04-20T22:22:15Z">
          <params>
            <param index="0">
              <value>
                <![CDATA[[TestResult name=Execute_Configuration status=SUCCESS method=Test_Cases.Execute_Configuration(java.lang.String, java.lang.String)[pri:0, instance:com.factory.tests.Test_Cases@282ba1e] output={null}]]]>
              </value>
            </param>
          </params>
          <reporter-output>
          </reporter-output>
        </test-method> <!-- log_fail -->
        <test-method status="PASS" signature="Execute_Configuration(java.lang.String, java.lang.String)[pri:0, instance:com.factory.tests.Test_Cases@282ba1e]" name="Execute_Configuration" duration-ms="1" started-at="2017-04-20T22:22:15Z" data-provider="data" finished-at="2017-04-20T22:22:15Z">
          <params>
            <param index="0">
              <value>
                <![CDATA[Process_Builder]]>
              </value>
            </param>
            <param index="1">
              <value>
                <![CDATA[No]]>
              </value>
            </param>
          </params>
          <reporter-output>
          </reporter-output>
        </test-method> <!-- Execute_Configuration -->
        <test-method status="PASS" signature="log_fail(org.testng.ITestResult)[pri:0, instance:com.factory.tests.Test_Cases@282ba1e]" name="log_fail" is-config="true" duration-ms="1" started-at="2017-04-20T22:22:15Z" finished-at="2017-04-20T22:22:15Z">
          <params>
            <param index="0">
              <value>
                <![CDATA[[TestResult name=Execute_Configuration status=SUCCESS method=Test_Cases.Execute_Configuration(java.lang.String, java.lang.String)[pri:0, instance:com.factory.tests.Test_Cases@282ba1e] output={null}]]]>
              </value>
            </param>
          </params>
          <reporter-output>
          </reporter-output>
        </test-method> <!-- log_fail -->
        <test-method status="PASS" signature="Execute_Configuration(java.lang.String, java.lang.String)[pri:0, instance:com.factory.tests.Test_Cases@282ba1e]" name="Execute_Configuration" duration-ms="0" started-at="2017-04-20T22:22:15Z" data-provider="data" finished-at="2017-04-20T22:22:15Z">
          <params>
            <param index="0">
              <value>
                <![CDATA[Organization_Wide_Email_Addresses]]>
              </value>
            </param>
            <param index="1">
              <value>
                <![CDATA[No]]>
              </value>
            </param>
          </params>
          <reporter-output>
          </reporter-output>
        </test-method> <!-- Execute_Configuration -->
        <test-method status="PASS" signature="log_fail(org.testng.ITestResult)[pri:0, instance:com.factory.tests.Test_Cases@282ba1e]" name="log_fail" is-config="true" duration-ms="0" started-at="2017-04-20T22:22:15Z" finished-at="2017-04-20T22:22:15Z">
          <params>
            <param index="0">
              <value>
                <![CDATA[[TestResult name=Execute_Configuration status=SUCCESS method=Test_Cases.Execute_Configuration(java.lang.String, java.lang.String)[pri:0, instance:com.factory.tests.Test_Cases@282ba1e] output={null}]]]>
              </value>
            </param>
          </params>
          <reporter-output>
          </reporter-output>
        </test-method> <!-- log_fail -->
        <test-method status="PASS" signature="Execute_Configuration(java.lang.String, java.lang.String)[pri:0, instance:com.factory.tests.Test_Cases@282ba1e]" name="Execute_Configuration" duration-ms="1" started-at="2017-04-20T22:22:15Z" data-provider="data" finished-at="2017-04-20T22:22:15Z">
          <params>
            <param index="0">
              <value>
                <![CDATA[Author_Apex_RollBack]]>
              </value>
            </param>
            <param index="1">
              <value>
                <![CDATA[No]]>
              </value>
            </param>
          </params>
          <reporter-output>
          </reporter-output>
        </test-method> <!-- Execute_Configuration -->
        <test-method status="PASS" signature="log_fail(org.testng.ITestResult)[pri:0, instance:com.factory.tests.Test_Cases@282ba1e]" name="log_fail" is-config="true" duration-ms="0" started-at="2017-04-20T22:22:15Z" finished-at="2017-04-20T22:22:15Z">
          <params>
            <param index="0">
              <value>
                <![CDATA[[TestResult name=Execute_Configuration status=SUCCESS method=Test_Cases.Execute_Configuration(java.lang.String, java.lang.String)[pri:0, instance:com.factory.tests.Test_Cases@282ba1e] output={null}]]]>
              </value>
            </param>
          </params>
          <reporter-output>
          </reporter-output>
        </test-method> <!-- log_fail -->
        <test-method status="PASS" signature="Execute_Configuration(java.lang.String, java.lang.String)[pri:0, instance:com.factory.tests.Test_Cases@282ba1e]" name="Execute_Configuration" duration-ms="0" started-at="2017-04-20T22:22:15Z" data-provider="data" finished-at="2017-04-20T22:22:15Z">
          <params>
            <param index="0">
              <value>
                <![CDATA[Flows_RollBack]]>
              </value>
            </param>
            <param index="1">
              <value>
                <![CDATA[No]]>
              </value>
            </param>
          </params>
          <reporter-output>
          </reporter-output>
        </test-method> <!-- Execute_Configuration -->
        <test-method status="PASS" signature="log_fail(org.testng.ITestResult)[pri:0, instance:com.factory.tests.Test_Cases@282ba1e]" name="log_fail" is-config="true" duration-ms="0" started-at="2017-04-20T22:22:15Z" finished-at="2017-04-20T22:22:15Z">
          <params>
            <param index="0">
              <value>
                <![CDATA[[TestResult name=Execute_Configuration status=SUCCESS method=Test_Cases.Execute_Configuration(java.lang.String, java.lang.String)[pri:0, instance:com.factory.tests.Test_Cases@282ba1e] output={null}]]]>
              </value>
            </param>
          </params>
          <reporter-output>
          </reporter-output>
        </test-method> <!-- log_fail -->
        <test-method status="PASS" signature="Execute_Configuration(java.lang.String, java.lang.String)[pri:0, instance:com.factory.tests.Test_Cases@282ba1e]" name="Execute_Configuration" duration-ms="0" started-at="2017-04-20T22:22:15Z" data-provider="data" finished-at="2017-04-20T22:22:15Z">
          <params>
            <param index="0">
              <value>
                <![CDATA[Apps_RollBack]]>
              </value>
            </param>
            <param index="1">
              <value>
                <![CDATA[No]]>
              </value>
            </param>
          </params>
          <reporter-output>
          </reporter-output>
        </test-method> <!-- Execute_Configuration -->
        <test-method status="PASS" signature="log_fail(org.testng.ITestResult)[pri:0, instance:com.factory.tests.Test_Cases@282ba1e]" name="log_fail" is-config="true" duration-ms="0" started-at="2017-04-20T22:22:15Z" finished-at="2017-04-20T22:22:15Z">
          <params>
            <param index="0">
              <value>
                <![CDATA[[TestResult name=Execute_Configuration status=SUCCESS method=Test_Cases.Execute_Configuration(java.lang.String, java.lang.String)[pri:0, instance:com.factory.tests.Test_Cases@282ba1e] output={null}]]]>
              </value>
            </param>
          </params>
          <reporter-output>
          </reporter-output>
        </test-method> <!-- log_fail -->
        <test-method status="PASS" signature="quit()[pri:0, instance:com.factory.tests.Test_Cases@282ba1e]" name="quit" is-config="true" duration-ms="4130" started-at="2017-04-20T22:22:15Z" finished-at="2017-04-20T22:22:20Z">
          <reporter-output>
          </reporter-output>
        </test-method> <!-- quit -->
        <test-method status="PASS" signature="close_report()[pri:0, instance:com.factory.tests.Test_Cases@282ba1e]" name="close_report" is-config="true" duration-ms="621" started-at="2017-04-20T22:22:20Z" finished-at="2017-04-20T22:22:20Z">
          <reporter-output>
          </reporter-output>
        </test-method> <!-- close_report -->
      </class> <!-- com.factory.tests.Test_Cases -->
    </test> <!-- POC Test Execution 1 -->
  </suite> <!-- Suite -->
</testng-results>
